[2022-11-23 12:13:48.182] [jointLog] [info] setting maxHashResizeThreads to 4
[2022-11-23 12:13:48.182] [jointLog] [info] Fragment incompatibility prior below threshold.  Incompatible fragments will be ignored.
[2022-11-23 12:13:48.182] [jointLog] [info] Usage of --validateMappings implies use of minScoreFraction. Since not explicitly specified, it is being set to 0.65
[2022-11-23 12:13:48.182] [jointLog] [info] Setting consensusSlack to selective-alignment default of 0.35.
[2022-11-23 12:13:48.182] [jointLog] [info] parsing read library format
[2022-11-23 12:13:48.182] [jointLog] [info] There is 1 library.
[2022-11-23 12:13:48.185] [jointLog] [info] Loading pufferfish index
[2022-11-23 12:13:48.185] [jointLog] [info] Loading dense pufferfish index.
[2022-11-23 12:19:37.098] [jointLog] [info] done
[2022-11-23 12:19:37.133] [jointLog] [info] Index contained 47,268 targets
[2022-11-23 12:19:37.143] [jointLog] [info] Number of decoys : 191
[2022-11-23 12:19:37.144] [jointLog] [info] First decoy index : 47,077 
[2022-11-23 12:21:57.672] [jointLog] [info] Computed 63,103 rich equivalence classes for further processing
[2022-11-23 12:21:57.672] [jointLog] [info] Counted 10,309,495 total reads in the equivalence classes 
[2022-11-23 12:21:57.673] [jointLog] [info] Number of mappings discarded because of alignment score : 43,298,735
[2022-11-23 12:21:57.673] [jointLog] [info] Number of fragments entirely discarded because of alignment score : 1,080,852
[2022-11-23 12:21:57.673] [jointLog] [info] Number of fragments discarded because they are best-mapped to decoys : 597,469
[2022-11-23 12:21:57.673] [jointLog] [info] Number of fragments discarded because they have only dovetail (discordant) mappings to valid targets : 0
[2022-11-23 12:21:57.673] [jointLog] [info] Mapping rate = 48.2626%

[2022-11-23 12:21:57.673] [jointLog] [info] finished quantifyLibrary()
[2022-11-23 12:21:57.675] [jointLog] [info] Starting optimizer
[2022-11-23 12:21:57.705] [jointLog] [info] Marked 0 weighted equivalence classes as degenerate
[2022-11-23 12:21:57.709] [jointLog] [info] iteration = 0 | max rel diff. = 16209.4
[2022-11-23 12:21:57.672] [fileLog] [info] 
At end of round 0
==================
Observed 21361266 total fragments (21361266 in most recent round)

[2022-11-23 12:21:58.135] [jointLog] [info] iteration = 100 | max rel diff. = 18.5694
[2022-11-23 12:21:58.559] [jointLog] [info] iteration = 200 | max rel diff. = 18.6416
[2022-11-23 12:21:58.982] [jointLog] [info] iteration = 300 | max rel diff. = 6.42588
[2022-11-23 12:21:59.406] [jointLog] [info] iteration = 400 | max rel diff. = 1.83789
[2022-11-23 12:21:59.829] [jointLog] [info] iteration = 500 | max rel diff. = 0.715631
[2022-11-23 12:22:00.252] [jointLog] [info] iteration = 600 | max rel diff. = 0.717458
[2022-11-23 12:22:00.675] [jointLog] [info] iteration = 700 | max rel diff. = 1.31558
[2022-11-23 12:22:01.098] [jointLog] [info] iteration = 800 | max rel diff. = 0.151028
[2022-11-23 12:22:01.520] [jointLog] [info] iteration = 900 | max rel diff. = 0.0913868
[2022-11-23 12:22:01.944] [jointLog] [info] iteration = 1,000 | max rel diff. = 0.0997835
[2022-11-23 12:22:02.367] [jointLog] [info] iteration = 1,100 | max rel diff. = 0.412047
[2022-11-23 12:22:02.790] [jointLog] [info] iteration = 1,200 | max rel diff. = 8.74036
[2022-11-23 12:22:03.213] [jointLog] [info] iteration = 1,300 | max rel diff. = 0.114447
[2022-11-23 12:22:03.636] [jointLog] [info] iteration = 1,400 | max rel diff. = 0.127853
[2022-11-23 12:22:04.059] [jointLog] [info] iteration = 1,500 | max rel diff. = 0.227376
[2022-11-23 12:22:04.482] [jointLog] [info] iteration = 1,600 | max rel diff. = 0.214285
[2022-11-23 12:22:04.905] [jointLog] [info] iteration = 1,700 | max rel diff. = 0.0229622
[2022-11-23 12:22:05.328] [jointLog] [info] iteration = 1,800 | max rel diff. = 0.070717
[2022-11-23 12:22:05.751] [jointLog] [info] iteration = 1,900 | max rel diff. = 0.446775
[2022-11-23 12:22:06.174] [jointLog] [info] iteration = 2,000 | max rel diff. = 0.089263
[2022-11-23 12:22:06.596] [jointLog] [info] iteration = 2,100 | max rel diff. = 0.0382746
[2022-11-23 12:22:06.828] [jointLog] [info] iteration = 2,156 | max rel diff. = 0.00766029
[2022-11-23 12:22:06.832] [jointLog] [info] Finished optimizer
[2022-11-23 12:22:06.832] [jointLog] [info] writing output 

[2022-11-23 12:22:06.893] [jointLog] [warning] NOTE: Read Lib [[ Badami_LB_400CH_Clone15.fastq ]] :

Detected a *potential* strand bias > 1% in an unstranded protocol check the file: Badami_LB_400CH_Clone15_quant/lib_format_counts.json for details

